g:\projects\c_cpp\visualstudio\optical_design\bin\x64\release\windows.exe
g:\projects\c_cpp\visualstudio\optical_design\bin\x64\release\windows.pdb
g:\projects\c_cpp\visualstudio\optical_design\temp\compile\windows\x64\release\windows.iobj
g:\projects\c_cpp\visualstudio\optical_design\temp\compile\windows\x64\release\.d.json
g:\projects\c_cpp\visualstudio\optical_design\temp\compile\windows\x64\release\vision.obj
g:\projects\c_cpp\visualstudio\optical_design\temp\compile\windows\x64\release\gyroscope.obj
g:\projects\c_cpp\visualstudio\optical_design\temp\compile\windows\x64\release\camera.obj
g:\projects\c_cpp\visualstudio\optical_design\temp\compile\windows\x64\release\ngs.obj
g:\projects\c_cpp\visualstudio\optical_design\temp\compile\windows\x64\release\main.obj
g:\projects\c_cpp\visualstudio\optical_design\temp\compile\windows\x64\release\engine.obj
g:\projects\c_cpp\visualstudio\optical_design\temp\compile\windows\x64\release\screen.obj
g:\projects\c_cpp\visualstudio\optical_design\temp\compile\windows\x64\release\main.cpp.module.json
g:\projects\c_cpp\visualstudio\optical_design\temp\compile\windows\x64\release\gyroscope.cpp.module.json
g:\projects\c_cpp\visualstudio\optical_design\temp\compile\windows\x64\release\camera.cpp.module.json
g:\projects\c_cpp\visualstudio\optical_design\temp\compile\windows\x64\release\ngs.cpp.module.json
g:\projects\c_cpp\visualstudio\optical_design\temp\compile\windows\x64\release\engine.cpp.module.json
g:\projects\c_cpp\visualstudio\optical_design\temp\compile\windows\x64\release\vision.cpp.module.json
g:\projects\c_cpp\visualstudio\optical_design\temp\compile\windows\x64\release\screen.cpp.module.json
g:\projects\c_cpp\visualstudio\optical_design\temp\compile\windows\x64\release\windows.ipdb
g:\projects\c_cpp\visualstudio\optical_design\temp\compile\windows\x64\release\vc143.pdb
g:\projects\c_cpp\visualstudio\optical_design\temp\compile\windows\x64\release\windows.vcxproj.filelistabsolute.txt
g:\projects\c_cpp\visualstudio\optical_design\temp\compile\windows\x64\release\windows.tlog\cl.command.1.tlog
g:\projects\c_cpp\visualstudio\optical_design\temp\compile\windows\x64\release\windows.tlog\cl.items.tlog
g:\projects\c_cpp\visualstudio\optical_design\temp\compile\windows\x64\release\windows.tlog\link.command.1.tlog
g:\projects\c_cpp\visualstudio\optical_design\temp\compile\windows\x64\release\windows.tlog\link.read.1.tlog
g:\projects\c_cpp\visualstudio\optical_design\temp\compile\windows\x64\release\windows.tlog\link.write.1.tlog
g:\projects\c_cpp\visualstudio\optical_design\temp\compile\windows\x64\release\windows.tlog\microsoft.build.cpptasks.cl.read.1.tlog
g:\projects\c_cpp\visualstudio\optical_design\temp\compile\windows\x64\release\windows.tlog\microsoft.build.cpptasks.cl.write.1.tlog
g:\projects\c_cpp\visualstudio\optical_design\temp\compile\windows\x64\release\windows_md.tlog\cl.command.1.tlog
g:\projects\c_cpp\visualstudio\optical_design\temp\compile\windows\x64\release\windows_md.tlog\microsoft.build.cpptasks.cl.read.1.tlog
g:\projects\c_cpp\visualstudio\optical_design\temp\compile\windows\x64\release\windows_md.tlog\microsoft.build.cpptasks.cl.write.1.tlog
