g:\projects\c_cpp\visualstudio\optical_design\temp\compile\windows\x64\debug\.d.json
g:\projects\c_cpp\visualstudio\optical_design\temp\compile\windows\x64\debug\screen.obj
g:\projects\c_cpp\visualstudio\optical_design\temp\compile\windows\x64\debug\engine.obj
g:\projects\c_cpp\visualstudio\optical_design\temp\compile\windows\x64\debug\vision.obj
g:\projects\c_cpp\visualstudio\optical_design\temp\compile\windows\x64\debug\main.obj
g:\projects\c_cpp\visualstudio\optical_design\temp\compile\windows\x64\debug\camera.obj
g:\projects\c_cpp\visualstudio\optical_design\temp\compile\windows\x64\debug\gyroscope.obj
g:\projects\c_cpp\visualstudio\optical_design\temp\compile\windows\x64\debug\ngs.obj
g:\projects\c_cpp\visualstudio\optical_design\temp\compile\windows\x64\debug\camera.cpp.module.json
g:\projects\c_cpp\visualstudio\optical_design\temp\compile\windows\x64\debug\main.cpp.module.json
g:\projects\c_cpp\visualstudio\optical_design\temp\compile\windows\x64\debug\screen.cpp.module.json
g:\projects\c_cpp\visualstudio\optical_design\temp\compile\windows\x64\debug\engine.cpp.module.json
g:\projects\c_cpp\visualstudio\optical_design\temp\compile\windows\x64\debug\gyroscope.cpp.module.json
g:\projects\c_cpp\visualstudio\optical_design\temp\compile\windows\x64\debug\vision.cpp.module.json
g:\projects\c_cpp\visualstudio\optical_design\temp\compile\windows\x64\debug\ngs.cpp.module.json
g:\projects\c_cpp\visualstudio\optical_design\temp\compile\windows\x64\debug\vc143.idb
g:\projects\c_cpp\visualstudio\optical_design\temp\compile\windows\x64\debug\vc143.pdb
g:\projects\c_cpp\visualstudio\optical_design\bin\x64\debug\windows.pdb
g:\projects\c_cpp\visualstudio\optical_design\temp\compile\windows\x64\debug\windows.vcxproj.filelistabsolute.txt
g:\projects\c_cpp\visualstudio\optical_design\temp\compile\windows\x64\debug\windows.tlog\cl.command.1.tlog
g:\projects\c_cpp\visualstudio\optical_design\temp\compile\windows\x64\debug\windows.tlog\link-cvtres.read.1.tlog
g:\projects\c_cpp\visualstudio\optical_design\temp\compile\windows\x64\debug\windows.tlog\link-cvtres.write.1.tlog
g:\projects\c_cpp\visualstudio\optical_design\temp\compile\windows\x64\debug\windows.tlog\link-rc.read.1.tlog
g:\projects\c_cpp\visualstudio\optical_design\temp\compile\windows\x64\debug\windows.tlog\link-rc.write.1.tlog
g:\projects\c_cpp\visualstudio\optical_design\temp\compile\windows\x64\debug\windows.tlog\link.command.1.tlog
g:\projects\c_cpp\visualstudio\optical_design\temp\compile\windows\x64\debug\windows.tlog\link.read.1.tlog
g:\projects\c_cpp\visualstudio\optical_design\temp\compile\windows\x64\debug\windows.tlog\link.read.2.tlog
g:\projects\c_cpp\visualstudio\optical_design\temp\compile\windows\x64\debug\windows.tlog\link.read.3.tlog
g:\projects\c_cpp\visualstudio\optical_design\temp\compile\windows\x64\debug\windows.tlog\link.write.1.tlog
g:\projects\c_cpp\visualstudio\optical_design\temp\compile\windows\x64\debug\windows.tlog\microsoft.build.cpptasks.cl.read.1.tlog
g:\projects\c_cpp\visualstudio\optical_design\temp\compile\windows\x64\debug\windows.tlog\microsoft.build.cpptasks.cl.write.1.tlog
g:\projects\c_cpp\visualstudio\optical_design\temp\compile\windows\x64\debug\windows_md.tlog\cl.command.1.tlog
g:\projects\c_cpp\visualstudio\optical_design\temp\compile\windows\x64\debug\windows_md.tlog\microsoft.build.cpptasks.cl.read.1.tlog
g:\projects\c_cpp\visualstudio\optical_design\temp\compile\windows\x64\debug\windows_md.tlog\microsoft.build.cpptasks.cl.write.1.tlog
